2023-11-29 10:41:07 [INFO] Starting minecraft server version 1.5.2
2023-11-29 10:41:07 [WARNING] To start the server with more ram, launch it as "java -Xmx1024M -Xms1024M -jar minecraft_server.jar"
2023-11-29 10:41:07 [INFO] Loading properties
2023-11-29 10:41:07 [INFO] Default game type: SURVIVAL
2023-11-29 10:41:07 [INFO] Generating keypair
2023-11-29 10:41:07 [INFO] Starting Minecraft server on 127.0.0.1:25569
2023-11-29 10:41:07 [INFO] This server is running CraftBukkit version git-Bukkit-1.5.2-R1.0-b2788jnks (MC: 1.5.2) (Implementing API version 1.5.2-R1.0)
2023-11-29 10:41:07 [WARNING] Failed to load operators list: java.io.FileNotFoundException: .\ops.txt (The system cannot find the file specified)
2023-11-29 10:41:07 [WARNING] Failed to load white-list: java.io.FileNotFoundException: .\white-list.txt (The system cannot find the file specified)
2023-11-29 10:41:07 [WARNING] **** SERVER IS RUNNING IN OFFLINE/INSECURE MODE!
2023-11-29 10:41:07 [WARNING] The server will make no attempt to authenticate usernames. Beware.
2023-11-29 10:41:07 [WARNING] While this makes the game possible to play without internet access, it also opens up the ability for hackers to connect with any username they choose.
2023-11-29 10:41:07 [WARNING] To change this, set "online-mode" to "true" in the server.properties file.
2023-11-29 10:41:08 [INFO] Preparing level "world"
2023-11-29 10:41:08 [INFO] Preparing start region for level 0 (Seed: -5103995307600757381)
2023-11-29 10:41:09 [INFO] Preparing spawn area: 4%
2023-11-29 10:41:10 [INFO] Preparing spawn area: 8%
2023-11-29 10:41:11 [INFO] Preparing spawn area: 16%
2023-11-29 10:41:12 [INFO] Preparing spawn area: 37%
2023-11-29 10:41:13 [INFO] Preparing spawn area: 54%
2023-11-29 10:41:14 [INFO] Preparing spawn area: 66%
2023-11-29 10:41:15 [INFO] Preparing spawn area: 74%
2023-11-29 10:41:16 [INFO] Preparing spawn area: 83%
2023-11-29 10:41:17 [INFO] Preparing spawn area: 91%
2023-11-29 10:41:18 [INFO] Preparing spawn area: 99%
2023-11-29 10:41:19 [INFO] Preparing start region for level 1 (Seed: -5103995307600757381)
2023-11-29 10:41:20 [INFO] Preparing spawn area: 0%
2023-11-29 10:41:21 [INFO] Preparing spawn area: 12%
2023-11-29 10:41:22 [INFO] Preparing spawn area: 25%
2023-11-29 10:41:23 [INFO] Preparing spawn area: 37%
2023-11-29 10:41:24 [INFO] Preparing spawn area: 49%
2023-11-29 10:41:25 [INFO] Preparing spawn area: 58%
2023-11-29 10:41:26 [INFO] Preparing spawn area: 70%
2023-11-29 10:41:27 [INFO] Preparing spawn area: 87%
2023-11-29 10:41:28 [INFO] Preparing start region for level 2 (Seed: -5103995307600757381)
2023-11-29 10:41:28 [INFO] Preparing spawn area: 0%
2023-11-29 10:41:29 [INFO] Preparing spawn area: 20%
2023-11-29 10:41:30 [INFO] Preparing spawn area: 49%
2023-11-29 10:41:31 [INFO] Preparing spawn area: 66%
2023-11-29 10:41:32 [INFO] Preparing spawn area: 99%
2023-11-29 10:41:32 [INFO] Server permissions file permissions.yml is empty, ignoring it
2023-11-29 10:41:32 [INFO] Done (24.978s)! For help, type "help" or "?"
2023-11-29 10:41:33 [INFO] Crash Loop Detector is Running! (30sec)
2023-11-29 10:41:33 [INFO] To increase, add "--crashTimeout [sec]" to the program's arguments
2023-11-29 10:45:41 [INFO] Catfoolyou[/127.0.0.1:64193] logged in with entity id 5230 at ([world] 140.5, 73.0, 259.5)
2023-11-29 10:45:54 [INFO] Catfoolyou issued server command: /seed
2023-11-29 10:46:59 [INFO] Catfoolyou2[/127.0.0.1:64287] logged in with entity id 6806 at ([world] 128.5, 70.0, 247.5)
2023-11-29 10:47:16 [WARNING] Catfoolyou2 moved too quickly! -134.14712997132048,-64.62000000476837,-233.07234221527128 (134.14712997132048, 64.62000000476837, 233.07234221527128)
2023-11-29 10:47:21 [INFO] <Catfoolyou> where u at[m
2023-11-29 10:47:22 [WARNING] Catfoolyou moved too quickly! -146.39977424804226,-72.62000000476837,-276.3224347837346 (146.39977424804226, 72.62000000476837, 276.3224347837346)
2023-11-29 10:47:39 [INFO] <Catfoolyou2> idk lol[m
2023-11-29 10:48:26 [INFO] Unknown command. Type "help" for help.[m
2023-11-29 10:48:30 [INFO] [0;33;1m--------- [0;37;1mHelp: Index [0;33;1m---------------------------[m
2023-11-29 10:48:30 [INFO] [0;37;22mUse /help [n] to get page n of help.[m
2023-11-29 10:48:30 [INFO] [0;33;22mAliases: [0;37;1mLists command aliases[m
2023-11-29 10:48:30 [INFO] [0;33;22mBukkit: [0;37;1mAll commands for Bukkit[m
2023-11-29 10:48:30 [INFO] [0;33;22m/ban: [0;37;1mPrevents the specified player from using this server[m
2023-11-29 10:48:30 [INFO] [0;33;22m/ban-ip: [0;37;1mPrevents the specified IP address from using this server[m
2023-11-29 10:48:30 [INFO] [0;33;22m/banlist: [0;37;1mView all players banned from this server[m
2023-11-29 10:48:30 [INFO] [0;33;22m/clear: [0;37;1mClears the player's inventory. Can specify item and data filters too.[m
2023-11-29 10:48:30 [INFO] [0;33;22m/defaultgamemode: [0;37;1mSet the default gamemode[m
2023-11-29 10:48:30 [INFO] [0;33;22m/deop: [0;37;1mTakes the specified player's operator status[m
2023-11-29 10:48:30 [INFO] [0;33;22m/difficulty: [0;37;1mSets the game difficulty[m
2023-11-29 10:48:30 [INFO] [0;33;22m/effect: [0;37;1mAdds/Removes effects on players[m
2023-11-29 10:48:30 [INFO] [0;33;22m/enchant: [0;37;1mAdds enchantments to the item the player is currently holding. Specify 0 for the level to remove an enchantment. Specify force to ignore normal enchantment restrictions[m
2023-11-29 10:48:30 [INFO] [0;33;22m/gamemode: [0;37;1mChanges the player to a specific game mode[m
2023-11-29 10:48:30 [INFO] [0;33;22m/gamerule: [0;37;1mSets a server's game rules[m
2023-11-29 10:48:30 [INFO] [0;33;22m/give: [0;37;1mGives the specified player a certain amount of items[m
2023-11-29 10:48:30 [INFO] [0;33;22m/help: [0;37;1mShows the help menu[m
2023-11-29 10:48:30 [INFO] [0;33;22m/kick: [0;37;1mRemoves the specified player from the server[m
2023-11-29 10:48:30 [INFO] [0;33;22m/kill: [0;37;1mCommits suicide, only usable as a player[m
2023-11-29 10:48:30 [INFO] [0;33;22m/list: [0;37;1mLists all online players[m
2023-11-29 10:48:30 [INFO] [0;33;22m/me: [0;37;1mPerforms the specified action in chat[m
2023-11-29 10:48:30 [INFO] [0;33;22m/op: [0;37;1mGives the specified player operator status[m
2023-11-29 10:48:30 [INFO] [0;33;22m/pardon: [0;37;1mAllows the specified player to use this server[m
2023-11-29 10:48:30 [INFO] [0;33;22m/pardon-ip: [0;37;1mAllows the specified IP address to use this server[m
2023-11-29 10:48:30 [INFO] [0;33;22m/plugins: [0;37;1mGets a list of plugins running on the server[m
2023-11-29 10:48:30 [INFO] [0;33;22m/reload: [0;37;1mReloads the server configuration and plugins[m
2023-11-29 10:48:30 [INFO] [0;33;22m/save-all: [0;37;1mSaves the server to disk[m
2023-11-29 10:48:30 [INFO] [0;33;22m/save-off: [0;37;1mDisables server autosaving[m
2023-11-29 10:48:30 [INFO] [0;33;22m/save-on: [0;37;1mEnables server autosaving[m
2023-11-29 10:48:30 [INFO] [0;33;22m/say: [0;37;1mBroadcasts the given message as the console[m
2023-11-29 10:48:30 [INFO] [0;33;22m/scoreboard: [0;37;1mScoreboard control[m
2023-11-29 10:48:30 [INFO] [0;33;22m/seed: [0;37;1mShows the world seed[m
2023-11-29 10:48:30 [INFO] [0;33;22m/spawnpoint: [0;37;1mSets a player's spawn point[m
2023-11-29 10:48:30 [INFO] [0;33;22m/stop: [0;37;1mStops the server with optional reason[m
2023-11-29 10:48:30 [INFO] [0;33;22m/tell: [0;37;1mSends a private message to the given player[m
2023-11-29 10:48:30 [INFO] [0;33;22m/testfor: [0;37;1mTests whether a specifed player is online[m
2023-11-29 10:48:30 [INFO] [0;33;22m/time: [0;37;1mChanges the time on each world[m
2023-11-29 10:48:30 [INFO] [0;33;22m/timings: [0;37;1mRecords timings for all plugin events[m
2023-11-29 10:48:30 [INFO] [0;33;22m/toggledownfall: [0;37;1mToggles rain on/off on a given world[m
2023-11-29 10:48:30 [INFO] [0;33;22m/tp: [0;37;1mTeleports the given player (or yourself) to another player or coordinates[m
2023-11-29 10:48:30 [INFO] [0;33;22m/version: [0;37;1mGets the version of this server including any plugins in use[m
2023-11-29 10:48:30 [INFO] [0;33;22m/weather: [0;37;1mChanges the weather[m
2023-11-29 10:48:30 [INFO] [0;33;22m/whitelist: [0;37;1mManages the list of players allowed to use this server[m
2023-11-29 10:48:30 [INFO] [0;33;22m/xp: [0;37;1mGives the specified player a certain amount of experience. Specify <amount>L to give levels instead, with a negative amount resulting in taking levels.[m
2023-11-29 10:48:45 [INFO] Unknown command. Type "help" for help.[m
2023-11-29 10:48:46 [INFO] Seed: -5103995307600757381[m
2023-11-29 10:49:37 [INFO] Catfoolyou2 lost connection: disconnect.quitting
2023-11-29 10:49:37 [INFO] Connection reset
2023-11-29 10:51:14 [INFO] Unknown command. Type "help" for help.[m
2023-11-29 10:51:18 [INFO] This server is running CraftBukkit version git-Bukkit-1.5.2-R1.0-b2788jnks (MC: 1.5.2) (Implementing API version 1.5.2-R1.0)[m
2023-11-29 10:51:26 [INFO] [0;35;1m[Server] sample text[m
2023-11-29 10:57:23 [INFO] Unknown command. Type "help" for help.[m
2023-11-29 10:57:27 [INFO] CONSOLE: Set time to 0[m
2023-11-29 10:57:41 [INFO] Connection reset
2023-11-29 10:57:41 [INFO] Catfoolyou lost connection: disconnect.quitting
2023-11-29 10:58:01 [INFO] Starting minecraft server version 1.5.2
2023-11-29 10:58:01 [WARNING] To start the server with more ram, launch it as "java -Xmx1024M -Xms1024M -jar minecraft_server.jar"
2023-11-29 10:58:01 [INFO] Loading properties
2023-11-29 10:58:01 [INFO] Default game type: SURVIVAL
2023-11-29 10:58:01 [INFO] Generating keypair
2023-11-29 10:58:01 [INFO] Starting Minecraft server on 127.0.0.1:25569
2023-11-29 10:58:02 [INFO] This server is running CraftBukkit version git-Bukkit-1.5.2-R1.0-b2788jnks (MC: 1.5.2) (Implementing API version 1.5.2-R1.0)
2023-11-29 10:58:02 [WARNING] **** SERVER IS RUNNING IN OFFLINE/INSECURE MODE!
2023-11-29 10:58:02 [WARNING] The server will make no attempt to authenticate usernames. Beware.
2023-11-29 10:58:02 [WARNING] While this makes the game possible to play without internet access, it also opens up the ability for hackers to connect with any username they choose.
2023-11-29 10:58:02 [WARNING] To change this, set "online-mode" to "true" in the server.properties file.
2023-11-29 10:58:03 [INFO] Preparing level "world"
2023-11-29 10:58:03 [INFO] Preparing start region for level 0 (Seed: 6820509159314420343)
2023-11-29 10:58:04 [INFO] Preparing spawn area: 0%
2023-11-29 10:58:06 [INFO] Preparing spawn area: 4%
2023-11-29 10:58:07 [INFO] Preparing spawn area: 4%
2023-11-29 10:58:08 [INFO] Preparing spawn area: 8%
2023-11-29 10:58:09 [INFO] Preparing spawn area: 16%
2023-11-29 10:58:10 [INFO] Preparing spawn area: 29%
2023-11-29 10:58:11 [INFO] Preparing spawn area: 37%
2023-11-29 10:58:12 [INFO] Preparing spawn area: 49%
2023-11-29 10:58:13 [INFO] Preparing spawn area: 79%
2023-11-29 10:58:14 [INFO] Preparing spawn area: 91%
2023-11-29 10:58:15 [INFO] Preparing start region for level 1 (Seed: 6820509159314420343)
2023-11-29 10:58:15 [INFO] Preparing spawn area: 8%
2023-11-29 10:58:16 [INFO] Preparing start region for level 2 (Seed: 6820509159314420343)
2023-11-29 10:58:16 [INFO] Preparing spawn area: 0%
2023-11-29 10:58:16 [INFO] Server permissions file permissions.yml is empty, ignoring it
2023-11-29 10:58:16 [INFO] Done (13.878s)! For help, type "help" or "?"
2023-11-29 10:58:16 [INFO] Crash Loop Detector is Running! (30sec)
2023-11-29 10:58:16 [INFO] To increase, add "--crashTimeout [sec]" to the program's arguments
2023-11-29 10:58:22 [WARNING] Can't keep up! Did the system time change, or is the server overloaded?
2023-11-29 10:59:41 [INFO] Seed: 6820509159314420343[m
2023-11-29 10:59:44 [INFO] Catfoolyou2[/127.0.0.1:64937] logged in with entity id 4542 at ([world] 164.26339762160535, 64.0, 216.39628741082646)
2023-11-29 10:59:49 [WARNING] Can't keep up! Did the system time change, or is the server overloaded?
2023-11-29 11:00:37 [WARNING] Catfoolyou2 moved too quickly! -208.6978361158192,-65.62000000476837,-214.4980538218774 (208.6978361158192, 65.62000000476837, 214.4980538218774)
2023-11-29 11:00:38 [INFO] Catfoolyou2 lost connection: disconnect.quitting
2023-11-29 11:00:38 [INFO] Connection reset
2023-11-29 11:08:56 [INFO] Starting minecraft server version 1.5.2
2023-11-29 11:08:56 [WARNING] To start the server with more ram, launch it as "java -Xmx1024M -Xms1024M -jar minecraft_server.jar"
2023-11-29 11:08:56 [INFO] Loading properties
2023-11-29 11:08:56 [INFO] Default game type: SURVIVAL
2023-11-29 11:08:56 [INFO] Generating keypair
2023-11-29 11:08:57 [INFO] Starting Minecraft server on 127.0.0.1:25569
2023-11-29 11:08:57 [INFO] This server is running CraftBukkit version git-Bukkit-1.5.2-R1.0-b2788jnks (MC: 1.5.2) (Implementing API version 1.5.2-R1.0)
2023-11-29 11:08:57 [WARNING] **** SERVER IS RUNNING IN OFFLINE/INSECURE MODE!
2023-11-29 11:08:57 [WARNING] The server will make no attempt to authenticate usernames. Beware.
2023-11-29 11:08:57 [WARNING] While this makes the game possible to play without internet access, it also opens up the ability for hackers to connect with any username they choose.
2023-11-29 11:08:57 [WARNING] To change this, set "online-mode" to "true" in the server.properties file.
2023-11-29 11:08:57 [INFO] Preparing level "world"
2023-11-29 11:08:57 [INFO] Preparing start region for level 0 (Seed: 2774093482951555439)
2023-11-29 11:08:59 [INFO] Preparing spawn area: 4%
2023-11-29 11:09:00 [INFO] Preparing spawn area: 12%
2023-11-29 11:09:01 [INFO] Preparing spawn area: 24%
2023-11-29 11:09:02 [INFO] Preparing spawn area: 41%
2023-11-29 11:09:03 [INFO] Preparing spawn area: 58%
2023-11-29 11:09:04 [INFO] Preparing spawn area: 74%
2023-11-29 11:09:05 [INFO] Preparing spawn area: 91%
2023-11-29 11:09:05 [INFO] Preparing start region for level 1 (Seed: 2774093482951555439)
2023-11-29 11:09:06 [INFO] Preparing spawn area: 25%
2023-11-29 11:09:07 [INFO] Preparing spawn area: 91%
2023-11-29 11:09:07 [INFO] Preparing start region for level 2 (Seed: 2774093482951555439)
2023-11-29 11:09:07 [INFO] Server permissions file permissions.yml is empty, ignoring it
2023-11-29 11:09:08 [INFO] Done (10.524s)! For help, type "help" or "?"
2023-11-29 11:09:08 [INFO] Crash Loop Detector is Running! (30sec)
2023-11-29 11:09:08 [INFO] To increase, add "--crashTimeout [sec]" to the program's arguments
2023-11-29 11:09:14 [WARNING] Can't keep up! Did the system time change, or is the server overloaded?
2023-11-29 11:18:10 [INFO] Catfoolyou2[/127.0.0.1:51324] logged in with entity id 3898 at ([world] 208.6978361158192, 64.0, 214.4980538218774)
2023-11-29 11:18:39 [INFO] Unknown command. Type "help" for help.[m
2023-11-29 11:18:50 [INFO] CONSOLE: Set difficulty to PEACEFUL[m
2023-11-29 11:20:49 [INFO] Read timed out
2023-11-29 11:20:49 [INFO] Catfoolyou2 lost connection: disconnect.endOfStream
2023-11-29 11:21:08 [INFO] Catfoolyou[/127.0.0.1:51518] logged in with entity id 37279 at ([world] 163.69999998807907, 71.58230961125521, 251.30000001192093)
2023-11-29 11:21:42 [INFO] CONSOLE: Set time to 0[m
2023-11-29 11:21:50 [INFO] Catfoolyou2[/127.0.0.1:51538] logged in with entity id 47584 at ([world] 212.18764701566, 63.0, 237.56536302748793)
2023-11-29 11:25:16 [INFO] Read timed out
2023-11-29 11:25:16 [INFO] Catfoolyou2 lost connection: disconnect.endOfStream
2023-11-29 11:25:43 [INFO] Read timed out
2023-11-29 11:25:43 [INFO] Catfoolyou lost connection: disconnect.endOfStream
2023-11-29 11:33:33 [INFO] Catfoolyou2[/127.0.0.1:52683] logged in with entity id 111882 at ([world] 198.27345133241684, 63.0, 279.684723638123)
2023-11-29 11:33:57 [INFO] Connection reset
2023-11-29 11:33:57 [INFO] Catfoolyou2 lost connection: disconnect.quitting
2023-11-29 12:09:39 [WARNING] Can't keep up! Did the system time change, or is the server overloaded?
2023-11-29 12:09:49 [INFO] Catfoolyou2[/127.0.0.1:53123] logged in with entity id 118108 at ([world] 178.40735235433198, 63.0, 283.22281615579385)
2023-11-29 12:11:20 [INFO] Catfoolyou2 lost connection: disconnect.quitting
2023-11-29 12:11:20 [INFO] Connection reset
2023-11-29 12:44:22 [INFO] Catfoolyou2[/127.0.0.1:64873] logged in with entity id 140352 at ([world] 173.5894148219893, 63.0, 256.9558774045977)
2023-11-29 12:45:44 [INFO] CONSOLE: Set time to 0[m
2023-11-29 12:46:27 [INFO] Catfoolyou2 lost connection: disconnect.quitting
2023-11-29 12:46:27 [INFO] Connection reset
2023-11-30 08:02:23 [INFO] Starting minecraft server version 1.5.2
2023-11-30 08:02:23 [WARNING] To start the server with more ram, launch it as "java -Xmx1024M -Xms1024M -jar minecraft_server.jar"
2023-11-30 08:02:23 [INFO] Loading properties
2023-11-30 08:02:23 [INFO] Default game type: SURVIVAL
2023-11-30 08:02:23 [INFO] Generating keypair
2023-11-30 08:02:24 [INFO] Starting Minecraft server on 127.0.0.1:25569
2023-11-30 08:02:25 [INFO] This server is running CraftBukkit version git-Bukkit-1.5.2-R1.0-b2788jnks (MC: 1.5.2) (Implementing API version 1.5.2-R1.0)
2023-11-30 08:02:25 [WARNING] **** SERVER IS RUNNING IN OFFLINE/INSECURE MODE!
2023-11-30 08:02:25 [WARNING] The server will make no attempt to authenticate usernames. Beware.
2023-11-30 08:02:25 [WARNING] While this makes the game possible to play without internet access, it also opens up the ability for hackers to connect with any username they choose.
2023-11-30 08:02:25 [WARNING] To change this, set "online-mode" to "true" in the server.properties file.
2023-11-30 08:02:25 [INFO] Preparing level "world"
2023-11-30 08:02:26 [INFO] Preparing start region for level 0 (Seed: 1059950827777756690)
2023-11-30 08:02:27 [INFO] Preparing spawn area: 0%
2023-11-30 08:02:28 [INFO] Preparing spawn area: 4%
2023-11-30 08:02:29 [INFO] Preparing spawn area: 8%
2023-11-30 08:02:30 [INFO] Preparing spawn area: 8%
2023-11-30 08:02:31 [INFO] Preparing spawn area: 12%
2023-11-30 08:02:32 [INFO] Preparing spawn area: 16%
2023-11-30 08:02:33 [INFO] Preparing spawn area: 25%
2023-11-30 08:02:34 [INFO] Preparing spawn area: 33%
2023-11-30 08:02:35 [INFO] Preparing spawn area: 45%
2023-11-30 08:02:36 [INFO] Preparing spawn area: 53%
2023-11-30 08:02:37 [INFO] Preparing spawn area: 70%
2023-11-30 08:02:38 [INFO] Preparing spawn area: 83%
2023-11-30 08:02:39 [INFO] Preparing spawn area: 95%
2023-11-30 08:02:40 [INFO] Preparing start region for level 1 (Seed: 1059950827777756690)
2023-11-30 08:02:41 [INFO] Preparing spawn area: 49%
2023-11-30 08:02:41 [INFO] Preparing start region for level 2 (Seed: 1059950827777756690)
2023-11-30 08:02:42 [INFO] Preparing spawn area: 49%
2023-11-30 08:02:42 [INFO] Server permissions file permissions.yml is empty, ignoring it
2023-11-30 08:02:42 [INFO] Done (16.976s)! For help, type "help" or "?"
2023-11-30 08:02:42 [INFO] Crash Loop Detector is Running! (30sec)
2023-11-30 08:02:42 [INFO] To increase, add "--crashTimeout [sec]" to the program's arguments
2023-11-30 08:03:34 [INFO] Catfoolyou2[/127.0.0.1:50877] logged in with entity id 3926 at ([world] 258.7374182706294, 67.1707870772188, 307.6841536909418)
2023-11-30 08:03:38 [WARNING] Can't keep up! Did the system time change, or is the server overloaded?
2023-11-30 08:04:01 [INFO] Catfoolyou[/127.0.0.1:50884] logged in with entity id 4929 at ([world] 196.41570980696727, 63.0, 276.1143481569495)
2023-11-30 08:13:38 [INFO] Read timed out
2023-11-30 08:13:38 [INFO] Catfoolyou2 lost connection: disconnect.endOfStream
2023-11-30 08:14:06 [INFO] Read timed out
2023-11-30 08:14:06 [INFO] Catfoolyou lost connection: disconnect.endOfStream
2023-11-30 08:20:45 [INFO] Catfoolyou2[/127.0.0.1:52255] logged in with entity id 11831 at ([world] 305.30000001192093, 63.0, 237.30000001192093)
2023-11-30 08:20:49 [INFO] Catfoolyou[/127.0.0.1:52267] logged in with entity id 12117 at ([world] 306.2663918690748, 63.0, 238.69999998807907)
2023-11-30 08:26:02 [INFO] Connection reset
2023-11-30 08:26:02 [INFO] Catfoolyou lost connection: disconnect.quitting
2023-11-30 08:26:16 [INFO] Connection reset
2023-11-30 08:26:16 [INFO] Catfoolyou2 lost connection: disconnect.quitting
2023-11-30 08:30:59 [INFO] /127.0.0.1:52702 lost connection
2023-11-30 08:30:59 [INFO] /127.0.0.1:52704 lost connection
2023-11-30 08:31:08 [INFO] /127.0.0.1:52711 lost connection
2023-11-30 08:31:08 [INFO] /127.0.0.1:52713 lost connection
2023-11-30 08:32:43 [INFO] Unknown command. Type "help" for help.[m
2023-11-30 08:32:45 [INFO] Unknown command. Type "help" for help.[m
2023-11-30 08:32:47 [INFO] [0;33;1m--------- [0;37;1mHelp: Index [0;33;1m---------------------------[m
2023-11-30 08:32:47 [INFO] [0;37;22mUse /help [n] to get page n of help.[m
2023-11-30 08:32:47 [INFO] [0;33;22mAliases: [0;37;1mLists command aliases[m
2023-11-30 08:32:47 [INFO] [0;33;22mBukkit: [0;37;1mAll commands for Bukkit[m
2023-11-30 08:32:47 [INFO] [0;33;22m/ban: [0;37;1mPrevents the specified player from using this server[m
2023-11-30 08:32:47 [INFO] [0;33;22m/ban-ip: [0;37;1mPrevents the specified IP address from using this server[m
2023-11-30 08:32:47 [INFO] [0;33;22m/banlist: [0;37;1mView all players banned from this server[m
2023-11-30 08:32:47 [INFO] [0;33;22m/clear: [0;37;1mClears the player's inventory. Can specify item and data filters too.[m
2023-11-30 08:32:47 [INFO] [0;33;22m/defaultgamemode: [0;37;1mSet the default gamemode[m
2023-11-30 08:32:47 [INFO] [0;33;22m/deop: [0;37;1mTakes the specified player's operator status[m
2023-11-30 08:32:47 [INFO] [0;33;22m/difficulty: [0;37;1mSets the game difficulty[m
2023-11-30 08:32:47 [INFO] [0;33;22m/effect: [0;37;1mAdds/Removes effects on players[m
2023-11-30 08:32:47 [INFO] [0;33;22m/enchant: [0;37;1mAdds enchantments to the item the player is currently holding. Specify 0 for the level to remove an enchantment. Specify force to ignore normal enchantment restrictions[m
2023-11-30 08:32:47 [INFO] [0;33;22m/gamemode: [0;37;1mChanges the player to a specific game mode[m
2023-11-30 08:32:47 [INFO] [0;33;22m/gamerule: [0;37;1mSets a server's game rules[m
2023-11-30 08:32:47 [INFO] [0;33;22m/give: [0;37;1mGives the specified player a certain amount of items[m
2023-11-30 08:32:47 [INFO] [0;33;22m/help: [0;37;1mShows the help menu[m
2023-11-30 08:32:47 [INFO] [0;33;22m/kick: [0;37;1mRemoves the specified player from the server[m
2023-11-30 08:32:47 [INFO] [0;33;22m/kill: [0;37;1mCommits suicide, only usable as a player[m
2023-11-30 08:32:47 [INFO] [0;33;22m/list: [0;37;1mLists all online players[m
2023-11-30 08:32:47 [INFO] [0;33;22m/me: [0;37;1mPerforms the specified action in chat[m
2023-11-30 08:32:47 [INFO] [0;33;22m/op: [0;37;1mGives the specified player operator status[m
2023-11-30 08:32:47 [INFO] [0;33;22m/pardon: [0;37;1mAllows the specified player to use this server[m
2023-11-30 08:32:47 [INFO] [0;33;22m/pardon-ip: [0;37;1mAllows the specified IP address to use this server[m
2023-11-30 08:32:47 [INFO] [0;33;22m/plugins: [0;37;1mGets a list of plugins running on the server[m
2023-11-30 08:32:47 [INFO] [0;33;22m/reload: [0;37;1mReloads the server configuration and plugins[m
2023-11-30 08:32:47 [INFO] [0;33;22m/save-all: [0;37;1mSaves the server to disk[m
2023-11-30 08:32:47 [INFO] [0;33;22m/save-off: [0;37;1mDisables server autosaving[m
2023-11-30 08:32:47 [INFO] [0;33;22m/save-on: [0;37;1mEnables server autosaving[m
2023-11-30 08:32:47 [INFO] [0;33;22m/say: [0;37;1mBroadcasts the given message as the console[m
2023-11-30 08:32:47 [INFO] [0;33;22m/scoreboard: [0;37;1mScoreboard control[m
2023-11-30 08:32:47 [INFO] [0;33;22m/seed: [0;37;1mShows the world seed[m
2023-11-30 08:32:48 [INFO] [0;33;22m/spawnpoint: [0;37;1mSets a player's spawn point[m
2023-11-30 08:32:48 [INFO] [0;33;22m/stop: [0;37;1mStops the server with optional reason[m
2023-11-30 08:32:48 [INFO] [0;33;22m/tell: [0;37;1mSends a private message to the given player[m
2023-11-30 08:32:48 [INFO] [0;33;22m/testfor: [0;37;1mTests whether a specifed player is online[m
2023-11-30 08:32:48 [INFO] [0;33;22m/time: [0;37;1mChanges the time on each world[m
2023-11-30 08:32:48 [INFO] [0;33;22m/timings: [0;37;1mRecords timings for all plugin events[m
2023-11-30 08:32:48 [INFO] [0;33;22m/toggledownfall: [0;37;1mToggles rain on/off on a given world[m
2023-11-30 08:32:48 [INFO] [0;33;22m/tp: [0;37;1mTeleports the given player (or yourself) to another player or coordinates[m
2023-11-30 08:32:48 [INFO] [0;33;22m/version: [0;37;1mGets the version of this server including any plugins in use[m
2023-11-30 08:32:48 [INFO] [0;33;22m/weather: [0;37;1mChanges the weather[m
2023-11-30 08:32:48 [INFO] [0;33;22m/whitelist: [0;37;1mManages the list of players allowed to use this server[m
2023-11-30 08:32:48 [INFO] [0;33;22m/xp: [0;37;1mGives the specified player a certain amount of experience. Specify <amount>L to give levels instead, with a negative amount resulting in taking levels.[m
2023-11-30 08:32:52 [INFO] CONSOLE: Forcing save..[m
2023-11-30 08:32:52 [INFO] CONSOLE: Save complete.[m
2023-11-30 08:37:38 [INFO] /127.0.0.1:53358 lost connection
2023-11-30 08:37:38 [INFO] /127.0.0.1:53360 lost connection
2023-11-30 08:47:54 [INFO] Catfoolyou[/127.0.0.1:54282] logged in with entity id 14615 at ([world] 306.3395331603108, 63.0, 239.9140049204927)
2023-11-30 08:48:50 [INFO] YeeishEagl99[/127.0.0.1:54313] logged in with entity id 15140 at ([world] -306.5, 74.0, 366.5)
2023-11-30 08:49:23 [INFO] Read timed out
2023-11-30 08:49:23 [INFO] Catfoolyou lost connection: disconnect.endOfStream
2023-11-30 08:49:30 [INFO] /127.0.0.1:54347 lost connection
2023-11-30 08:49:31 [INFO] /127.0.0.1:54349 lost connection
2023-11-30 08:49:32 [INFO] Catfoolyou[/127.0.0.1:54352] logged in with entity id 16396 at ([world] 308.34649549522885, 63.0, 238.4180081648943)
2023-11-30 08:50:42 [INFO] Read timed out
2023-11-30 08:50:42 [INFO] Catfoolyou lost connection: disconnect.endOfStream
2023-11-30 08:50:46 [INFO] Connection reset
2023-11-30 08:50:46 [INFO] YeeishEagl99 lost connection: disconnect.quitting
2023-11-30 08:50:48 [INFO] /127.0.0.1:54382 lost connection
2023-11-30 08:50:48 [INFO] /127.0.0.1:54384 lost connection
2023-11-30 08:50:50 [INFO] Catfoolyou[/127.0.0.1:54389] logged in with entity id 17945 at ([world] 306.38168389549537, 63.0, 238.21962973195647)
2023-11-30 08:57:34 [INFO] Unknown command. Type "help" for help.[m
2023-11-30 08:57:41 [INFO] [0;33;1m--------- [0;37;1mHelp: Index [0;33;1m---------------------------[m
2023-11-30 08:57:41 [INFO] [0;37;22mUse /help [n] to get page n of help.[m
2023-11-30 08:57:41 [INFO] [0;33;22mAliases: [0;37;1mLists command aliases[m
2023-11-30 08:57:41 [INFO] [0;33;22mBukkit: [0;37;1mAll commands for Bukkit[m
2023-11-30 08:57:41 [INFO] [0;33;22m/ban: [0;37;1mPrevents the specified player from using this server[m
2023-11-30 08:57:41 [INFO] [0;33;22m/ban-ip: [0;37;1mPrevents the specified IP address from using this server[m
2023-11-30 08:57:41 [INFO] [0;33;22m/banlist: [0;37;1mView all players banned from this server[m
2023-11-30 08:57:41 [INFO] [0;33;22m/clear: [0;37;1mClears the player's inventory. Can specify item and data filters too.[m
2023-11-30 08:57:41 [INFO] [0;33;22m/defaultgamemode: [0;37;1mSet the default gamemode[m
2023-11-30 08:57:41 [INFO] [0;33;22m/deop: [0;37;1mTakes the specified player's operator status[m
2023-11-30 08:57:41 [INFO] [0;33;22m/difficulty: [0;37;1mSets the game difficulty[m
2023-11-30 08:57:41 [INFO] [0;33;22m/effect: [0;37;1mAdds/Removes effects on players[m
2023-11-30 08:57:41 [INFO] [0;33;22m/enchant: [0;37;1mAdds enchantments to the item the player is currently holding. Specify 0 for the level to remove an enchantment. Specify force to ignore normal enchantment restrictions[m
2023-11-30 08:57:41 [INFO] [0;33;22m/gamemode: [0;37;1mChanges the player to a specific game mode[m
2023-11-30 08:57:41 [INFO] [0;33;22m/gamerule: [0;37;1mSets a server's game rules[m
2023-11-30 08:57:41 [INFO] [0;33;22m/give: [0;37;1mGives the specified player a certain amount of items[m
2023-11-30 08:57:41 [INFO] [0;33;22m/help: [0;37;1mShows the help menu[m
2023-11-30 08:57:41 [INFO] [0;33;22m/kick: [0;37;1mRemoves the specified player from the server[m
2023-11-30 08:57:41 [INFO] [0;33;22m/kill: [0;37;1mCommits suicide, only usable as a player[m
2023-11-30 08:57:41 [INFO] [0;33;22m/list: [0;37;1mLists all online players[m
2023-11-30 08:57:41 [INFO] [0;33;22m/me: [0;37;1mPerforms the specified action in chat[m
2023-11-30 08:57:41 [INFO] [0;33;22m/op: [0;37;1mGives the specified player operator status[m
2023-11-30 08:57:41 [INFO] [0;33;22m/pardon: [0;37;1mAllows the specified player to use this server[m
2023-11-30 08:57:41 [INFO] [0;33;22m/pardon-ip: [0;37;1mAllows the specified IP address to use this server[m
2023-11-30 08:57:41 [INFO] [0;33;22m/plugins: [0;37;1mGets a list of plugins running on the server[m
2023-11-30 08:57:41 [INFO] [0;33;22m/reload: [0;37;1mReloads the server configuration and plugins[m
2023-11-30 08:57:41 [INFO] [0;33;22m/save-all: [0;37;1mSaves the server to disk[m
2023-11-30 08:57:41 [INFO] [0;33;22m/save-off: [0;37;1mDisables server autosaving[m
2023-11-30 08:57:41 [INFO] [0;33;22m/save-on: [0;37;1mEnables server autosaving[m
2023-11-30 08:57:41 [INFO] [0;33;22m/say: [0;37;1mBroadcasts the given message as the console[m
2023-11-30 08:57:41 [INFO] [0;33;22m/scoreboard: [0;37;1mScoreboard control[m
2023-11-30 08:57:41 [INFO] [0;33;22m/seed: [0;37;1mShows the world seed[m
2023-11-30 08:57:41 [INFO] [0;33;22m/spawnpoint: [0;37;1mSets a player's spawn point[m
2023-11-30 08:57:41 [INFO] [0;33;22m/stop: [0;37;1mStops the server with optional reason[m
2023-11-30 08:57:41 [INFO] [0;33;22m/tell: [0;37;1mSends a private message to the given player[m
2023-11-30 08:57:41 [INFO] [0;33;22m/testfor: [0;37;1mTests whether a specifed player is online[m
2023-11-30 08:57:41 [INFO] [0;33;22m/time: [0;37;1mChanges the time on each world[m
2023-11-30 08:57:41 [INFO] [0;33;22m/timings: [0;37;1mRecords timings for all plugin events[m
2023-11-30 08:57:41 [INFO] [0;33;22m/toggledownfall: [0;37;1mToggles rain on/off on a given world[m
2023-11-30 08:57:41 [INFO] [0;33;22m/tp: [0;37;1mTeleports the given player (or yourself) to another player or coordinates[m
2023-11-30 08:57:41 [INFO] [0;33;22m/version: [0;37;1mGets the version of this server including any plugins in use[m
2023-11-30 08:57:41 [INFO] [0;33;22m/weather: [0;37;1mChanges the weather[m
2023-11-30 08:57:41 [INFO] [0;33;22m/whitelist: [0;37;1mManages the list of players allowed to use this server[m
2023-11-30 08:57:41 [INFO] [0;33;22m/xp: [0;37;1mGives the specified player a certain amount of experience. Specify <amount>L to give levels instead, with a negative amount resulting in taking levels.[m
2023-11-30 08:58:01 [INFO] This server is running CraftBukkit version git-Bukkit-1.5.2-R1.0-b2788jnks (MC: 1.5.2) (Implementing API version 1.5.2-R1.0)[m
2023-11-30 08:58:10 [INFO] [0;31;1mUsage: /me <action>[m
2023-11-30 08:58:21 [INFO] [0;35;1m[Server] lol[m
2023-11-30 08:58:28 [INFO] CONSOLE: Enabled level saving..[m
2023-11-30 08:58:33 [INFO] CONSOLE: Forcing save..[m
2023-11-30 08:58:34 [INFO] CONSOLE: Save complete.[m
2023-11-30 08:58:40 [INFO] Connection reset
2023-11-30 08:58:40 [INFO] Catfoolyou lost connection: disconnect.quitting
2024-01-05 08:07:07 [INFO] Starting minecraft server version 1.5.2
2024-01-05 08:07:07 [WARNING] To start the server with more ram, launch it as "java -Xmx1024M -Xms1024M -jar minecraft_server.jar"
2024-01-05 08:07:07 [INFO] Loading properties
2024-01-05 08:07:07 [INFO] Default game type: SURVIVAL
2024-01-05 08:07:07 [INFO] Generating keypair
2024-01-05 08:07:08 [INFO] Starting Minecraft server on 127.0.0.1:25569
2024-01-05 08:07:08 [INFO] This server is running CraftBukkit version git-Bukkit-1.5.2-R1.0-b2788jnks (MC: 1.5.2) (Implementing API version 1.5.2-R1.0)
2024-01-05 08:07:09 [WARNING] **** SERVER IS RUNNING IN OFFLINE/INSECURE MODE!
2024-01-05 08:07:09 [WARNING] The server will make no attempt to authenticate usernames. Beware.
2024-01-05 08:07:09 [WARNING] While this makes the game possible to play without internet access, it also opens up the ability for hackers to connect with any username they choose.
2024-01-05 08:07:09 [WARNING] To change this, set "online-mode" to "true" in the server.properties file.
2024-01-05 08:07:09 [INFO] Preparing level "world"
2024-01-05 08:07:09 [INFO] Preparing start region for level 0 (Seed: -9046483914997029927)
2024-01-05 08:07:10 [INFO] Preparing spawn area: 4%
2024-01-05 08:07:11 [INFO] Preparing spawn area: 16%
2024-01-05 08:07:12 [INFO] Preparing spawn area: 20%
2024-01-05 08:07:13 [INFO] Preparing spawn area: 28%
2024-01-05 08:07:14 [INFO] Preparing spawn area: 33%
2024-01-05 08:07:15 [INFO] Preparing spawn area: 41%
2024-01-05 08:07:16 [INFO] Preparing spawn area: 53%
2024-01-05 08:07:17 [INFO] Preparing spawn area: 62%
2024-01-05 08:07:18 [INFO] Preparing spawn area: 70%
2024-01-05 08:07:19 [INFO] Preparing spawn area: 83%
2024-01-05 08:07:20 [INFO] Preparing spawn area: 87%
2024-01-05 08:07:21 [INFO] Preparing spawn area: 91%
2024-01-05 08:07:22 [INFO] Preparing spawn area: 99%
2024-01-05 08:07:23 [INFO] Preparing start region for level 1 (Seed: -9046483914997029927)
2024-01-05 08:07:23 [INFO] Preparing spawn area: 0%
2024-01-05 08:07:25 [INFO] Preparing spawn area: 12%
2024-01-05 08:07:26 [INFO] Preparing spawn area: 25%
2024-01-05 08:07:27 [INFO] Preparing spawn area: 41%
2024-01-05 08:07:28 [INFO] Preparing spawn area: 49%
2024-01-05 08:07:29 [INFO] Preparing spawn area: 62%
2024-01-05 08:07:30 [INFO] Preparing spawn area: 78%
2024-01-05 08:07:31 [INFO] Preparing spawn area: 91%
2024-01-05 08:07:31 [INFO] Preparing start region for level 2 (Seed: -9046483914997029927)
2024-01-05 08:07:32 [INFO] Preparing spawn area: 0%
2024-01-05 08:07:33 [INFO] Preparing spawn area: 33%
2024-01-05 08:07:34 [INFO] Preparing spawn area: 49%
2024-01-05 08:07:35 [INFO] Preparing spawn area: 79%
2024-01-05 08:07:36 [INFO] Server permissions file permissions.yml is empty, ignoring it
2024-01-05 08:07:36 [INFO] Done (27.274s)! For help, type "help" or "?"
2024-01-05 08:07:36 [INFO] Crash Loop Detector is Running! (30sec)
2024-01-05 08:07:36 [INFO] To increase, add "--crashTimeout [sec]" to the program's arguments
2024-01-05 08:07:44 [WARNING] Can't keep up! Did the system time change, or is the server overloaded?
2024-01-05 08:07:47 [INFO] Catfoolyou[/127.0.0.1:49722] logged in with entity id 5092 at ([world] 233.5, 72.0, 282.5)
2024-01-05 08:09:53 [INFO] Connection reset
2024-01-05 08:09:53 [INFO] Catfoolyou lost connection: disconnect.quitting
2024-01-05 08:12:07 [INFO] Catfoolyou[/127.0.0.1:49788] logged in with entity id 6791 at ([world] 204.01869949008454, 66.0, 277.912510765838)
2024-01-05 08:13:25 [INFO] Catfoolyou lost connection: disconnect.quitting
2024-01-05 08:13:25 [INFO] Connection reset
2024-01-05 08:14:55 [INFO] Catfoolyou[/127.0.0.1:49933] logged in with entity id 7623 at ([world] 184.26171904056227, 63.0, 266.57738041956407)
2024-01-05 08:15:28 [INFO] Connection reset
2024-01-05 08:15:28 [INFO] Catfoolyou lost connection: disconnect.quitting
2024-01-05 08:15:43 [INFO] Catfoolyou[/127.0.0.1:49995] logged in with entity id 7930 at ([world] 203.39633359576834, 63.0, 264.6827117144043)
2024-01-05 08:29:24 [INFO] Read timed out
2024-01-05 08:29:24 [INFO] Catfoolyou lost connection: disconnect.endOfStream
2024-01-05 08:46:00 [WARNING] Can't keep up! Did the system time change, or is the server overloaded?
2024-01-05 09:03:46 [WARNING] Can't keep up! Did the system time change, or is the server overloaded?
2024-01-05 09:04:00 [INFO] Catfoolyou[/127.0.0.1:51463] logged in with entity id 13769 at ([world] 250.1598243965146, 79.0, 283.0090638945997)
2024-01-05 09:22:01 [INFO] Catfoolyou lost connection: disconnect.quitting
2024-01-05 09:22:01 [INFO] Connection reset
2024-01-05 09:22:06 [INFO] CONSOLE: Forcing save..[m
2024-01-05 09:22:06 [INFO] CONSOLE: Save complete.[m
2024-01-08 09:02:49 [INFO] Starting minecraft server version 1.5.2
2024-01-08 09:02:49 [WARNING] To start the server with more ram, launch it as "java -Xmx1024M -Xms1024M -jar minecraft_server.jar"
2024-01-08 09:02:49 [INFO] Loading properties
2024-01-08 09:02:49 [INFO] Default game type: SURVIVAL
2024-01-08 09:02:49 [INFO] Generating keypair
2024-01-08 09:02:49 [INFO] Starting Minecraft server on 127.0.0.1:25569
2024-01-08 09:02:49 [INFO] This server is running CraftBukkit version git-Bukkit-1.5.2-R1.0-b2788jnks (MC: 1.5.2) (Implementing API version 1.5.2-R1.0)
2024-01-08 09:02:49 [WARNING] **** SERVER IS RUNNING IN OFFLINE/INSECURE MODE!
2024-01-08 09:02:49 [WARNING] The server will make no attempt to authenticate usernames. Beware.
2024-01-08 09:02:49 [WARNING] While this makes the game possible to play without internet access, it also opens up the ability for hackers to connect with any username they choose.
2024-01-08 09:02:49 [WARNING] To change this, set "online-mode" to "true" in the server.properties file.
2024-01-08 09:02:49 [INFO] Preparing level "world"
2024-01-08 09:02:50 [INFO] Preparing start region for level 0 (Seed: -9046483914997029927)
2024-01-08 09:02:51 [INFO] Preparing spawn area: 33%
2024-01-08 09:02:52 [INFO] Preparing spawn area: 58%
2024-01-08 09:02:53 [INFO] Preparing spawn area: 78%
2024-01-08 09:02:53 [INFO] Preparing start region for level 1 (Seed: -9046483914997029927)
2024-01-08 09:02:54 [INFO] Preparing start region for level 2 (Seed: -9046483914997029927)
2024-01-08 09:02:54 [INFO] Preparing spawn area: 0%
2024-01-08 09:02:54 [INFO] Server permissions file permissions.yml is empty, ignoring it
2024-01-08 09:02:54 [INFO] Done (4.488s)! For help, type "help" or "?"
2024-01-08 09:02:54 [INFO] Crash Loop Detector is Running! (30sec)
2024-01-08 09:02:54 [INFO] To increase, add "--crashTimeout [sec]" to the program's arguments
2024-01-08 09:06:20 [INFO] Catfoolyou[/127.0.0.1:50913] logged in with entity id 2007 at ([world] 253.60079121026763, 82.0, 280.14174844961445)
2024-01-08 09:08:56 [INFO] CONSOLE: Forcing save..[m
2024-01-08 09:08:56 [INFO] CONSOLE: Save complete.[m
2024-01-08 09:09:16 [INFO] Connection reset
2024-01-08 09:09:16 [INFO] Catfoolyou lost connection: disconnect.quitting
2024-01-08 09:09:20 [INFO] CONSOLE: Stopping the server..[m
2024-01-08 09:09:20 [INFO] Stopping server
2024-01-08 09:09:20 [WARNING] DSCT: socket closed
2024-01-08 09:09:20 [INFO] Closing listening thread
2024-01-08 09:09:20 [INFO] Saving players
2024-01-08 09:09:20 [INFO] Saving worlds
2024-01-08 09:09:20 [INFO] Saving chunks for level 'world'/Overworld
2024-01-08 09:09:21 [INFO] Saving chunks for level 'world_nether'/Nether
2024-01-08 09:09:21 [INFO] Saving chunks for level 'world_the_end'/The End
2024-01-09 07:59:22 [INFO] Starting minecraft server version 1.5.2
2024-01-09 07:59:22 [WARNING] To start the server with more ram, launch it as "java -Xmx1024M -Xms1024M -jar minecraft_server.jar"
2024-01-09 07:59:22 [INFO] Loading properties
2024-01-09 07:59:22 [INFO] Default game type: SURVIVAL
2024-01-09 07:59:22 [INFO] Generating keypair
2024-01-09 07:59:23 [INFO] Starting Minecraft server on 127.0.0.1:25569
2024-01-09 07:59:24 [INFO] This server is running CraftBukkit version git-Bukkit-1.5.2-R1.0-b2788jnks (MC: 1.5.2) (Implementing API version 1.5.2-R1.0)
2024-01-09 07:59:25 [WARNING] **** SERVER IS RUNNING IN OFFLINE/INSECURE MODE!
2024-01-09 07:59:25 [WARNING] The server will make no attempt to authenticate usernames. Beware.
2024-01-09 07:59:25 [WARNING] While this makes the game possible to play without internet access, it also opens up the ability for hackers to connect with any username they choose.
2024-01-09 07:59:25 [WARNING] To change this, set "online-mode" to "true" in the server.properties file.
2024-01-09 07:59:25 [INFO] Preparing level "world"
2024-01-09 07:59:26 [INFO] Preparing start region for level 0 (Seed: -9046483914997029927)
2024-01-09 07:59:27 [INFO] Preparing spawn area: 0%
2024-01-09 07:59:28 [INFO] Preparing spawn area: 16%
2024-01-09 07:59:29 [INFO] Preparing spawn area: 41%
2024-01-09 07:59:30 [INFO] Preparing spawn area: 66%
2024-01-09 07:59:31 [INFO] Preparing spawn area: 83%
2024-01-09 07:59:31 [INFO] Preparing start region for level 1 (Seed: -9046483914997029927)
2024-01-09 07:59:32 [INFO] Preparing spawn area: 49%
2024-01-09 07:59:32 [INFO] Preparing start region for level 2 (Seed: -9046483914997029927)
2024-01-09 07:59:33 [INFO] Preparing spawn area: 49%
2024-01-09 07:59:33 [INFO] Server permissions file permissions.yml is empty, ignoring it
2024-01-09 07:59:34 [INFO] Done (8.579s)! For help, type "help" or "?"
2024-01-09 07:59:34 [INFO] Crash Loop Detector is Running! (30sec)
2024-01-09 07:59:34 [INFO] To increase, add "--crashTimeout [sec]" to the program's arguments
2024-01-09 07:59:47 [WARNING] Can't keep up! Did the system time change, or is the server overloaded?
2024-01-09 08:01:25 [INFO] Catfoolyou[/127.0.0.1:57121] logged in with entity id 413 at ([world] 221.5408986201614, 71.0, 303.3434324218046)
2024-01-09 08:03:02 [INFO] Read timed out
2024-01-09 08:03:02 [INFO] Catfoolyou lost connection: disconnect.endOfStream
2024-01-09 08:03:48 [INFO] Catfoolyou[/127.0.0.1:57415] logged in with entity id 1264 at ([world] 221.5408986201614, 71.0, 303.3434324218046)
2024-01-09 08:04:51 [INFO] Connection reset
2024-01-09 08:04:51 [INFO] Catfoolyou lost connection: disconnect.quitting
2024-01-09 08:52:26 [WARNING] Can't keep up! Did the system time change, or is the server overloaded?
2024-01-09 08:53:03 [INFO] Catfoolyou[/127.0.0.1:49179] logged in with entity id 1823 at ([world] 218.21337592399883, 72.0, 303.2716751193469)
2024-01-09 08:53:36 [INFO] Connection reset
2024-01-09 08:53:36 [INFO] Catfoolyou lost connection: disconnect.quitting
2024-01-10 08:49:45 [INFO] Starting minecraft server version 1.5.2
2024-01-10 08:49:45 [WARNING] To start the server with more ram, launch it as "java -Xmx1024M -Xms1024M -jar minecraft_server.jar"
2024-01-10 08:49:45 [INFO] Loading properties
2024-01-10 08:49:45 [INFO] Default game type: SURVIVAL
2024-01-10 08:49:45 [INFO] Generating keypair
2024-01-10 08:49:46 [INFO] Starting Minecraft server on 127.0.0.1:25569
2024-01-10 08:49:46 [INFO] This server is running CraftBukkit version git-Bukkit-1.5.2-R1.0-b2788jnks (MC: 1.5.2) (Implementing API version 1.5.2-R1.0)
2024-01-10 08:49:46 [WARNING] **** SERVER IS RUNNING IN OFFLINE/INSECURE MODE!
2024-01-10 08:49:46 [WARNING] The server will make no attempt to authenticate usernames. Beware.
2024-01-10 08:49:46 [WARNING] While this makes the game possible to play without internet access, it also opens up the ability for hackers to connect with any username they choose.
2024-01-10 08:49:46 [WARNING] To change this, set "online-mode" to "true" in the server.properties file.
2024-01-10 08:49:46 [INFO] Preparing level "world"
2024-01-10 08:49:46 [INFO] Preparing start region for level 0 (Seed: -9046483914997029927)
2024-01-10 08:49:47 [INFO] Preparing spawn area: 66%
2024-01-10 08:49:47 [INFO] Preparing start region for level 1 (Seed: -9046483914997029927)
2024-01-10 08:49:48 [INFO] Preparing spawn area: 79%
2024-01-10 08:49:48 [INFO] Preparing start region for level 2 (Seed: -9046483914997029927)
2024-01-10 08:49:49 [INFO] Server permissions file permissions.yml is empty, ignoring it
2024-01-10 08:49:49 [INFO] Done (3.120s)! For help, type "help" or "?"
2024-01-10 08:49:49 [INFO] Crash Loop Detector is Running! (30sec)
2024-01-10 08:49:49 [INFO] To increase, add "--crashTimeout [sec]" to the program's arguments
2024-01-11 12:50:58 [INFO] Starting minecraft server version 1.5.2
2024-01-11 12:50:58 [WARNING] To start the server with more ram, launch it as "java -Xmx1024M -Xms1024M -jar minecraft_server.jar"
2024-01-11 12:50:58 [INFO] Loading properties
2024-01-11 12:50:58 [INFO] Default game type: SURVIVAL
2024-01-11 12:50:58 [INFO] Generating keypair
2024-01-11 12:50:58 [INFO] Starting Minecraft server on 127.0.0.1:25569
2024-01-11 12:50:59 [INFO] This server is running CraftBukkit version git-Bukkit-1.5.2-R1.0-b2788jnks (MC: 1.5.2) (Implementing API version 1.5.2-R1.0)
2024-01-11 12:50:59 [WARNING] **** SERVER IS RUNNING IN OFFLINE/INSECURE MODE!
2024-01-11 12:50:59 [WARNING] The server will make no attempt to authenticate usernames. Beware.
2024-01-11 12:50:59 [WARNING] While this makes the game possible to play without internet access, it also opens up the ability for hackers to connect with any username they choose.
2024-01-11 12:50:59 [WARNING] To change this, set "online-mode" to "true" in the server.properties file.
2024-01-11 12:51:00 [INFO] Preparing level "world"
2024-01-11 12:51:00 [INFO] Preparing start region for level 0 (Seed: -9046483914997029927)
2024-01-11 12:51:01 [INFO] Preparing spawn area: 74%
2024-01-11 12:51:01 [INFO] Preparing start region for level 1 (Seed: -9046483914997029927)
2024-01-11 12:51:02 [INFO] Preparing start region for level 2 (Seed: -9046483914997029927)
2024-01-11 12:51:02 [INFO] Preparing spawn area: 45%
2024-01-11 12:51:02 [INFO] Server permissions file permissions.yml is empty, ignoring it
2024-01-11 12:51:02 [INFO] Done (2.422s)! For help, type "help" or "?"
2024-01-11 12:51:02 [INFO] Crash Loop Detector is Running! (30sec)
2024-01-11 12:51:02 [INFO] To increase, add "--crashTimeout [sec]" to the program's arguments
